<?xml version="1.0" encoding="UTF-8"?>
<!-- Generated by org.testng.reporters.JUnitReportReporter -->
<testsuite hostname="mano-PC" name="mproj.FarmPickMavenProject.Base2" tests="1" failures="0" timestamp="22 Aug 2015 14:23:39 GMT" time="0.019" errors="0">
  <testcase name="go" time="0.019" classname="mproj.FarmPickMavenProject.Base2"/>
</testsuite> <!-- mproj.FarmPickMavenProject.Base2 -->
