<?xml version="1.0" encoding="UTF-8"?>
<!-- Generated by org.testng.reporters.JUnitReportReporter -->
<testsuite hostname="mano-PC" name="mproj.FarmPickMavenProject.BaseTest" tests="1" failures="0" timestamp="19 Aug 2015 20:27:23 GMT" time="0.003" errors="0">
  <testcase name="start" time="0.003" classname="mproj.FarmPickMavenProject.BaseTest"/>
</testsuite> <!-- mproj.FarmPickMavenProject.BaseTest -->
