<?xml version="1.0" encoding="UTF-8"?>
<!-- Generated by org.testng.reporters.JUnitReportReporter -->
<testsuite hostname="mano-PC" name="mproj.FarmPickMavenProject.Base2Test" tests="1" failures="0" timestamp="19 Aug 2015 20:27:23 GMT" time="0.023" errors="0">
  <testcase name="go" time="0.023" classname="mproj.FarmPickMavenProject.Base2Test"/>
</testsuite> <!-- mproj.FarmPickMavenProject.Base2Test -->
